<?xml version="1.0" encoding="UTF-8"?>
<!-- Generated by org.testng.reporters.JUnitReportReporter -->
<testsuite skipped="0" hostname="Appu" name="scripts.TestInvalidLogin" tests="1" failures="0" timestamp="03 Dec 2017 08:13:07 GMT" time="7.925" errors="0">
  <testcase name="testInvalidLogin" time="7.925" classname="scripts.TestInvalidLogin"/>
</testsuite> <!-- scripts.TestInvalidLogin -->
