<?xml version="1.0" encoding="UTF-8"?>
<!-- Generated by org.testng.reporters.JUnitReportReporter -->
<testsuite skipped="0" hostname="Appu" name="scripts.TestLogin" tests="1" failures="0" timestamp="03 Dec 2017 08:13:07 GMT" time="7.850" errors="0">
  <testcase name="testLogin" time="7.850" classname="scripts.TestLogin"/>
</testsuite> <!-- scripts.TestLogin -->
