<?xml version="1.0" encoding="UTF-8"?>
<!-- Generated by org.testng.reporters.JUnitReportReporter -->
<testsuite skipped="1" hostname="Appu" name="scripts.TestInvalidLogin" tests="1" failures="0" timestamp="09 Dec 2017 07:24:17 GMT" time="0.000" errors="0">
  <testcase name="testInvalidLogin" time="0.000" classname="scripts.TestInvalidLogin">
    <skipped/>
  </testcase> <!-- testInvalidLogin -->
</testsuite> <!-- scripts.TestInvalidLogin -->
